proguard-project.txt
# To enable ProGuard in your project, edit project.properties
# to define the proguard.config property as described in that file.
#
# Add project specific ProGuard rules here.
# By default, the flags in this file are appended to flags specified
# in ${sdk.dir}/tools/proguard/proguard-android.txt
# You can edit the include path and order by changing the ProGuard
# include property in project.properties.
#
# For more details, see
#   http://developer.android.com/guide/developing/tools/proguard.html

# Add any project specific keep options here:

# If your project uses WebView with JS, uncomment the following
# and specify the fully qualified class name to the JavaScript interface
# class:
#-keepclassmembers class fqcn.of.javascript.interface.for.webview {
#   public *;
#}


-optimizationpasses 5
-dontusemixedcaseclassnames
-dontskipnonpubliclibraryclasses
-dontskipnonpubliclibraryclassmembers
-dontpreverify
-dontshrink
-verbose

-injars bin/classes
-injars libs
-outjars bin/classes-processed.jar



-dontwarn org.apache.**
-dontwarn org.slf4j.**
-dontwarn org.json.*
-dontwarn org.mortbay.**
-dontwarn org.apache.log4j.**
-dontwarn org.apache.commons.logging.**
-dontwarn org.apache.commons.logging.**
-dontwarn org.apache.commons.codec.binary.**
-dontwarn javax.xml.**
-dontwarn javax.management.**
-dontwarn java.lang.management.**
-dontwarn android.support.**
-dontwarn com.google.code.**
-dontwarn oauth.signpost.**
-dontwarn twitter4j.**
-dontwarn com.google.*
-dontwarn com.google.ads.**

-optimizations !code/simplification/arithmetic,!field/*,!class/merging/*

-keep public class * extends android.app.Activity
-keep public class * extends android.app.Application
-keep public class * extends android.app.Service
-keep public class * extends android.content.BroadcastReceiver
-keep public class * extends android.content.ContentProvider
-keep public class * extends android.app.backup.BackupAgentHelper
-keep public class * extends android.preference.Preference
-keep public class com.android.vending.licensing.ILicensingService
-keep public class com.google.code.linkedinapi.**

-keep class javax.**  { *; }
-keep class twitter4j.**  { *; }
-keep class java.lang.management.**  { *; }
-keep class com.google.code.**  { *; }
-keep class oauth.signpost.**  { *; }



-keepclasseswithmembernames class * {
    native <methods>;
}

-keepclasseswithmembers class * {
    public <init>(android.content.Context, android.util.AttributeSet);
}

-keepclasseswithmembers class * {
    public <init>(android.content.Context, android.util.AttributeSet, int);
}

-keepclassmembers enum * {
    public static **[] values();
    public static ** valueOf(java.lang.String);
}

-keep class * implements android.os.Parcelable {
  public static final android.os.Parcelable$Creator *;
}