proguard/seeds.txt
org.jefferyemanuel.willowtweetapp.FragmentHost_Activity
org.jefferyemanuel.willowtweetapp.FragmentHost_Activity: FragmentHost_Activity()
org.jefferyemanuel.willowtweetapp.Linkifier$InternalURLSpan: void onClick(android.view.View)
org.jefferyemanuel.willowtweetapp.ModifyTweetersFragment: void onClick(android.view.View)
org.jefferyemanuel.willowtweetapp.MyDialogFragment: void onClick(android.content.DialogInterface,int)
org.jefferyemanuel.willowtweetapp.R$anim: int slide
org.jefferyemanuel.willowtweetapp.R$anim: int slide_out
org.jefferyemanuel.willowtweetapp.R$color: int app_background
org.jefferyemanuel.willowtweetapp.R$color: int black
org.jefferyemanuel.willowtweetapp.R$color: int blue
org.jefferyemanuel.willowtweetapp.R$color: int crystal_blue
org.jefferyemanuel.willowtweetapp.R$color: int error_message
org.jefferyemanuel.willowtweetapp.R$color: int faint_neongreen
org.jefferyemanuel.willowtweetapp.R$color: int gold
org.jefferyemanuel.willowtweetapp.R$color: int green
org.jefferyemanuel.willowtweetapp.R$color: int grey_font
org.jefferyemanuel.willowtweetapp.R$color: int light_font
org.jefferyemanuel.willowtweetapp.R$color: int pink
org.jefferyemanuel.willowtweetapp.R$color: int red
org.jefferyemanuel.willowtweetapp.R$color: int text_shadow
org.jefferyemanuel.willowtweetapp.R$color: int text_shadow_white
org.jefferyemanuel.willowtweetapp.R$color: int translucent_red
org.jefferyemanuel.willowtweetapp.R$color: int white
org.jefferyemanuel.willowtweetapp.R$dimen: int activity_horizontal_margin
org.jefferyemanuel.willowtweetapp.R$dimen: int activity_vertical_margin
org.jefferyemanuel.willowtweetapp.R$dimen: int item_spacing
org.jefferyemanuel.willowtweetapp.R$dimen: int spacing
org.jefferyemanuel.willowtweetapp.R$drawable: int above_shadow
org.jefferyemanuel.willowtweetapp.R$drawable: int bg
org.jefferyemanuel.willowtweetapp.R$drawable: int bird
org.jefferyemanuel.willowtweetapp.R$drawable: int border
org.jefferyemanuel.willowtweetapp.R$drawable: int bubble
org.jefferyemanuel.willowtweetapp.R$drawable: int ic_launcher
org.jefferyemanuel.willowtweetapp.R$drawable: int list_selector
org.jefferyemanuel.willowtweetapp.R$drawable: int listshape
org.jefferyemanuel.willowtweetapp.R$drawable: int overlay
org.jefferyemanuel.willowtweetapp.R$drawable: int plus_sign
org.jefferyemanuel.willowtweetapp.R$drawable: int refresh
org.jefferyemanuel.willowtweetapp.R$drawable: int rounded_corners
org.jefferyemanuel.willowtweetapp.R$drawable: int spinning_loader
org.jefferyemanuel.willowtweetapp.R$drawable: int stickmanpointing
...
twitter4j.Trend
twitter4j.Trend: java.lang.String getName()
twitter4j.Trend: java.lang.String getUrl()
twitter4j.Trend: java.lang.String getURL()
twitter4j.Trend: java.lang.String getQuery()
twitter4j.Trends
twitter4j.Trends: twitter4j.Trend[] getTrends()
twitter4j.Trends: twitter4j.Location getLocation()
twitter4j.Trends: java.util.Date getAsOf()
twitter4j.Trends: java.util.Date getTrendAt()
twitter4j.Twitter
twitter4j.TwitterAPIConfiguration
twitter4j.TwitterAPIConfiguration: int getPhotoSizeLimit()
twitter4j.TwitterAPIConfiguration: int getShortURLLength()
twitter4j.TwitterAPIConfiguration: int getShortURLLengthHttps()
twitter4j.TwitterAPIConfiguration: int getCharactersReservedPerMedia()
twitter4j.TwitterAPIConfiguration: java.util.Map getPhotoSizes()
twitter4j.TwitterAPIConfiguration: java.lang.String[] getNonUsernamePaths()
twitter4j.TwitterAPIConfiguration: int getMaxMediaPerUpload()
twitter4j.TwitterAPIMonitor
twitter4j.TwitterAPIMonitor: twitter4j.internal.logging.Logger logger
twitter4j.TwitterAPIMonitor: java.util.regex.Pattern pattern
twitter4j.TwitterAPIMonitor: twitter4j.TwitterAPIMonitor SINGLETON
twitter4j.TwitterAPIMonitor: twitter4j.management.APIStatistics STATISTICS
twitter4j.TwitterAPIMonitor: TwitterAPIMonitor()
twitter4j.TwitterAPIMonitor: twitter4j.TwitterAPIMonitor getInstance()
twitter4j.TwitterAPIMonitor: twitter4j.management.APIStatisticsMBean getStatistics()
twitter4j.TwitterAPIMonitor: void methodCalled(java.lang.String,long,boolean)
twitter4j.TwitterAPIMonitor: void <clinit>()
twitter4j.TwitterBase
twitter4j.TwitterBase: java.lang.String getScreenName()
twitter4j.TwitterBase: long getId()
twitter4j.TwitterBase: void addRateLimitStatusListener(twitter4j.RateLimitStatusListener)
twitter4j.TwitterBase: twitter4j.auth.Authorization getAuthorization()
twitter4j.TwitterBase: twitter4j.conf.Configuration getConfiguration()
twitter4j.TwitterBase: void shutdown()
twitter4j.TwitterBaseImpl
twitter4j.TwitterBaseImpl: twitter4j.conf.Configuration conf
twitter4j.TwitterBaseImpl: java.lang.String screenName
twitter4j.TwitterBaseImpl: long id
twitter4j.TwitterBaseImpl: twitter4j.internal.http.HttpClientWrapper http
twitter4j.TwitterBaseImpl: java.util.List rateLimitStatusListeners
twitter4j.TwitterBaseImpl: twitter4j.internal.json.z_T4JInternalFactory factory
twitter4j.TwitterBaseImpl: twitter4j.auth.Authorization auth
twitter4j.TwitterBaseImpl: long serialVersionUID
twitter4j.TwitterBaseImpl: TwitterBaseImpl(twitter4j.conf.Configuration,twitter4j.auth.Authorization)
twitter4j.TwitterBaseImpl: void init()
twitter4j.TwitterBaseImpl: void setFactory()
twitter4j.TwitterBaseImpl: java.lang.String getScreenName()
twitter4j.TwitterBaseImpl: long getId()
twitter4j.TwitterBaseImpl: twitter4j.User fillInIDAndScreenName()
twitter4j.TwitterBaseImpl: void addRateLimitStatusListener(twitter4j.RateLimitStatusListener)
twitter4j.TwitterBaseImpl: void httpResponseReceived(twitter4j.internal.http.HttpResponseEvent)
twitter4j.TwitterBaseImpl: twitter4j.auth.Authorization getAuthorization()
twitter4j.TwitterBaseImpl: twitter4j.conf.Configuration getConfiguration()
twitter4j.TwitterBaseImpl: void shutdown()
twitter4j.TwitterBaseImpl: void ensureAuthorizationEnabled()
twitter4j.TwitterBaseImpl: void ensureOAuthEnabled()
twitter4j.TwitterBaseImpl: void writeObject(java.io.ObjectOutputStream)
twitter4j.TwitterBaseImpl: void readObject(java.io.ObjectInputStream)