proguard/mapping.txt
org.jefferyemanuel.willowtweetapp.BuildConfig -> org.jefferyemanuel.willowtweetapp.a:
    boolean DEBUG -> a
org.jefferyemanuel.willowtweetapp.Consts -> org.jefferyemanuel.willowtweetapp.b:
    boolean DEVELOPER_MODE -> a
    java.lang.String TAG -> b
    java.lang.String TAG_FRAGMENT -> c
    java.lang.String KEY_USER_OBJECT -> d
    java.lang.String KEY_SCREEN_NAME -> e
    java.lang.String KEY_USERID -> f
    java.lang.String KEY_TIMEPOSTED -> g
    java.lang.String KEY_TWEETDATE -> h
    java.lang.String KEY_AUTHOR -> i
    java.lang.String KEY_AVATAR -> j
    java.lang.String KEY_TWEED_ID -> k
    java.lang.String KEY_TWEET_COUNT -> l
    java.lang.String KEY_TWEET_MSG -> m
    java.lang.String KEY_IS_RETWEET -> n
    java.lang.String KEY_FOLLOWERS -> o
    java.lang.String KEY_FOLLOWING -> p
    java.lang.String KEY_CREATED_DATE -> q
    java.lang.String TABLE_TWEETER_INFO -> r
    java.lang.String COLUMN_ID -> s
    java.lang.String COLUMN_USER -> t
    java.lang.String DATABASE_NAME -> u
    java.lang.String AUTHORITY -> v
    int DATABASE_VERSION -> w
    android.net.Uri CONTENT_URI -> x
    int LOADER_ID -> y
    int LOADER_ASYNCH_ID -> z
    java.lang.String MESSAGE -> A
    java.lang.String TASK_ARGUMENT_USERLIST -> B
    java.lang.String CONSUMER_KEY -> C
    java.lang.String CONSUMER_SECRET_KEY -> D
    java.lang.String ACCESS_TOKEN -> E
    java.lang.String ACCESS_TOKEN_SECRET -> F
    java.lang.String CALLBACKURL -> G
    java.lang.String URL_REQUEST_TOKEN -> H
    java.lang.String URL_ACCESS_TOKEN -> I
    java.lang.String URL_AUTHORIZE -> J
org.jefferyemanuel.willowtweetapp.DiskLruImageCache -> org.jefferyemanuel.willowtweetapp.c:
    com.jakewharton.disklrucache.DiskLruCache mDiskCache -> a
    android.graphics.Bitmap$CompressFormat mCompressFormat -> b
    int mCompressQuality -> c
    int APP_VERSION -> d
    int VALUE_COUNT -> e
    java.lang.String TAG -> f
    android.content.Context context -> g
    boolean writeBitmapToFile(android.graphics.Bitmap,com.jakewharton.disklrucache.DiskLruCache$Editor) -> a
    java.io.File getDiskCacheDir(android.content.Context,java.lang.String) -> a
    void put(java.lang.String,android.graphics.Bitmap,android.widget.ImageView) -> a
    android.graphics.Bitmap getBitmap(java.lang.String,android.widget.ImageView) -> a
    boolean containsKey(java.lang.String) -> a
    void clearCache() -> a
    java.io.File getCacheFolder() -> b
    android.content.Context access$0(org.jefferyemanuel.willowtweetapp.DiskLruImageCache) -> a
org.jefferyemanuel.willowtweetapp.DiskLruImageCache$1 -> org.jefferyemanuel.willowtweetapp.d:
    org.jefferyemanuel.willowtweetapp.DiskLruImageCache this$0 -> a
    java.lang.String val$key -> b
    java.lang.String val$safeKey -> c
    android.widget.ImageView val$imageView -> d
    void run() -> run
org.jefferyemanuel.willowtweetapp.DiskLruImageCache$1$1 -> org.jefferyemanuel.willowtweetapp.e:
    org.jefferyemanuel.willowtweetapp.DiskLruImageCache$1 this$1 -> a
    android.widget.ImageView val$imageView -> b
    android.graphics.Bitmap val$b -> c
    void run() -> run
org.jefferyemanuel.willowtweetapp.DownloadImageTask -> org.jefferyemanuel.willowtweetapp.f:
    android.support.v4.util.LruCache mMemoryCache -> a
    org.jefferyemanuel.willowtweetapp.DownloadImageTask instance -> b
    org.jefferyemanuel.willowtweetapp.DownloadImageTask getInstance(android.app.Activity) -> a
    void loadBitmap(java.lang.String,android.widget.ImageView) -> a
    void addBitmapToMemoryCache(java.lang.String,android.graphics.Bitmap) -> a
    android.graphics.Bitmap getBitmapFromMemCache(java.lang.String) -> a
    void access$0(org.jefferyemanuel.willowtweetapp.DownloadImageTask,java.lang.String,android.graphics.Bitmap) -> a
...
android.support.v4.widget.SearchViewCompatIcs$MySearchView -> android.support.v4.widget.ao:
    void onActionViewCollapsed() -> onActionViewCollapsed
android.support.v4.widget.SimpleCursorAdapter -> android.support.v4.widget.ap:
    int[] mFrom -> l
    int[] mTo -> m
    int mStringConversionColumn -> o
    android.support.v4.widget.SimpleCursorAdapter$CursorToStringConverter mCursorToStringConverter -> p
    android.support.v4.widget.SimpleCursorAdapter$ViewBinder mViewBinder -> q
    java.lang.String[] mOriginalFrom -> n
    void bindView(android.view.View,android.content.Context,android.database.Cursor) -> a
    android.support.v4.widget.SimpleCursorAdapter$ViewBinder getViewBinder() -> d
    void setViewBinder(android.support.v4.widget.SimpleCursorAdapter$ViewBinder) -> a
    void setViewImage(android.widget.ImageView,java.lang.String) -> a
    void setViewText(android.widget.TextView,java.lang.String) -> a
    int getStringConversionColumn() -> e
    void setStringConversionColumn(int) -> c
    android.support.v4.widget.SimpleCursorAdapter$CursorToStringConverter getCursorToStringConverter() -> f
    void setCursorToStringConverter(android.support.v4.widget.SimpleCursorAdapter$CursorToStringConverter) -> a
    java.lang.CharSequence convertToString(android.database.Cursor) -> c
    void findColumns(java.lang.String[]) -> a
    android.database.Cursor swapCursor(android.database.Cursor) -> b
    void changeCursorAndColumns(android.database.Cursor,java.lang.String[],int[]) -> a
android.support.v4.widget.SimpleCursorAdapter$CursorToStringConverter -> android.support.v4.widget.aq:
    java.lang.CharSequence convertToString(android.database.Cursor) -> a
android.support.v4.widget.SimpleCursorAdapter$ViewBinder -> android.support.v4.widget.ar:
    boolean setViewValue(android.view.View,android.database.Cursor,int) -> a
android.support.v4.widget.SlidingPaneLayout -> android.support.v4.widget.SlidingPaneLayout:
    java.lang.String TAG -> b
    int DEFAULT_OVERHANG_SIZE -> c
    int DEFAULT_FADE_COLOR -> d
    int mSliderFadeColor -> e
    int MIN_FLING_VELOCITY -> f
    int mCoveredFadeColor -> g
    android.graphics.drawable.Drawable mShadowDrawable -> h
    int mOverhangSize -> i
    boolean mCanSlide -> j
    android.view.View mSlideableView -> k
    float mSlideOffset -> l
    float mParallaxOffset -> m
    int mSlideRange -> n
    boolean mIsUnableToDrag -> o
    int mParallaxBy -> p
    float mInitialMotionX -> q
    float mInitialMotionY -> r
    android.support.v4.widget.SlidingPaneLayout$PanelSlideListener mPanelSlideListener -> s
    android.support.v4.widget.ViewDragHelper mDragHelper -> t
    boolean mPreservedOpenState -> u
    boolean mFirstLayout -> v
    android.graphics.Rect mTmpRect -> w
    java.util.ArrayList mPostedRunnables -> x
    android.support.v4.widget.SlidingPaneLayout$SlidingPanelLayoutImpl IMPL -> a
    void setParallaxDistance(int) -> setParallaxDistance
    int getParallaxDistance() -> getParallaxDistance
    void setSliderFadeColor(int) -> setSliderFadeColor
    int getSliderFadeColor() -> getSliderFadeColor
    void setCoveredFadeColor(int) -> setCoveredFadeColor
    int getCoveredFadeColor() -> getCoveredFadeColor
    void setPanelSlideListener(android.support.v4.widget.SlidingPaneLayout$PanelSlideListener) -> setPanelSlideListener
android.support.v4.widget.SlidingPaneLayout$1 -> android.support.v4.widget.as: